<?xml version="1.0" encoding="UTF-8"?>
<!-- Generated by org.testng.reporters.JUnitReportReporter -->
<testsuite hostname="Ravi-PC" failures="0" tests="1" name="demo_ddt" time="0.000" errors="0" timestamp="2021-06-22T11:26:18 IST" skipped="1">
  <testcase classname="demo_ddt" name="test5" time="0.000">
    <skipped/>
  </testcase> <!-- test5 -->
  <system-out/>
</testsuite> <!-- demo_ddt -->
