<?xml version="1.0" encoding="UTF-8"?>
<!-- Generated by org.testng.reporters.JUnitReportReporter -->
<testsuite hostname="Ravi-PC" failures="0" tests="2" name="firstTestNGPrg" time="0.014" errors="0" timestamp="2021-06-22T12:39:20 IST" skipped="0">
  <testcase classname="firstTestNGPrg" name="test2" time="0.011"/>
  <system-out/>
  <testcase classname="firstTestNGPrg" name="test1" time="0.003"/>
  <system-out/>
</testsuite> <!-- firstTestNGPrg -->
