<?xml version="1.0" encoding="UTF-8"?>
<!-- Generated by org.testng.reporters.JUnitReportReporter -->
<testsuite hostname="Ravi-PC" failures="0" tests="3" name="demo_ddt" time="0.015" errors="0" timestamp="2021-06-23T09:18:41 IST" skipped="0">
  <testcase classname="demo_ddt" name="test5" time="0.002"/>
  <system-out/>
  <testcase classname="demo_ddt" name="test5" time="0.010"/>
  <system-out/>
  <testcase classname="demo_ddt" name="test5" time="0.003"/>
  <system-out/>
</testsuite> <!-- demo_ddt -->
