<?xml version="1.0" encoding="UTF-8"?>
<!-- Generated by org.testng.reporters.JUnitReportReporter -->
<testsuite hostname="Ravi-PC" failures="0" tests="1" name="com.slk.secondTestNGPrg" time="0.004" errors="0" timestamp="2021-06-22T11:46:53 IST" skipped="0">
  <testcase classname="com.slk.secondTestNGPrg" name="test4" time="0.004"/>
  <system-out/>
</testsuite> <!-- com.slk.secondTestNGPrg -->
